C:\Program Files (x86)\Microsoft Visual Studio\2019\Community\MSBuild\Microsoft\VC\v160\Microsoft.CppBuild.targets(459,5): warning MSB8028: The intermediate directory (Debug\) contains files shared from another project (sfml_paint.vcxproj).  This can lead to incorrect clean and rebuild behavior.
  main.cpp
D:\bonelab\MDS-GD-SUMMATIVES\GD1P03\sfml_paint\sfml_paint\main.cpp(188,65): warning C4244: 'argument': conversion from 'unsigned int' to 'T', possible loss of data
          with
          [
              T=float
          ]
D:\bonelab\MDS-GD-SUMMATIVES\GD1P03\sfml_paint\sfml_paint\main.cpp(188,47): warning C4244: 'argument': conversion from 'unsigned int' to 'T', possible loss of data
          with
          [
              T=float
          ]
D:\bonelab\MDS-GD-SUMMATIVES\GD1P03\sfml_paint\sfml_paint\main.cpp(203,23): warning C4244: 'argument': conversion from 'int' to 'float', possible loss of data
D:\bonelab\MDS-GD-SUMMATIVES\GD1P03\sfml_paint\sfml_paint\main.cpp(205,59): warning C4244: 'argument': conversion from 'T' to 'float', possible loss of data
          with
          [
              T=int
          ]
D:\bonelab\MDS-GD-SUMMATIVES\GD1P03\sfml_paint\sfml_paint\main.cpp(205,40): warning C4244: 'argument': conversion from 'T' to 'float', possible loss of data
          with
          [
              T=int
          ]
D:\bonelab\MDS-GD-SUMMATIVES\GD1P03\sfml_paint\sfml_paint\main.cpp(215,44): warning C4244: 'argument': conversion from 'int' to 'T', possible loss of data
          with
          [
              T=float
          ]
D:\bonelab\MDS-GD-SUMMATIVES\GD1P03\sfml_paint\sfml_paint\main.cpp(215,33): warning C4244: 'argument': conversion from 'int' to 'T', possible loss of data
          with
          [
              T=float
          ]
D:\bonelab\MDS-GD-SUMMATIVES\GD1P03\sfml_paint\sfml_paint\main.cpp(217,58): warning C4244: 'argument': conversion from 'T' to 'float', possible loss of data
          with
          [
              T=int
          ]
D:\bonelab\MDS-GD-SUMMATIVES\GD1P03\sfml_paint\sfml_paint\main.cpp(217,39): warning C4244: 'argument': conversion from 'T' to 'float', possible loss of data
          with
          [
              T=int
          ]
D:\bonelab\MDS-GD-SUMMATIVES\GD1P03\sfml_paint\sfml_paint\main.cpp(238,22): warning C4018: '<': signed/unsigned mismatch
  sfml_paint.vcxproj -> D:\bonelab\MDS-GD-SUMMATIVES\GD1P03\sfml_paint\Debug\PaintTool.exe
